Server Crash Report
===================

RunUO Version 2.2, Build 6166.24505
Operating System: Microsoft Windows NT 6.2.9200.0
.NET Framework: 4.0.30319.42000
Time: 20/11/2016 5:02:38 AM
Mobiles: 993
Items: 84475
Exception:
System.Reflection.TargetInvocationException: Exception has been thrown by the target of an invocation. ---> System.NullReferenceException: Object reference not set to an instance of an object.
   at Scripts.Mythik.Systems.Farming.PlantTypes.AddPlant(PlantInfo plant) in Y:\rnuo2.3\Scripts\Mythik\Systems\Farming\PlantTypes.cs:line 97
   at Scripts.Mythik.Systems.Farming.PlantTypes.Initialize() in Y:\rnuo2.3\Scripts\Mythik\Systems\Farming\PlantTypes.cs:line 88
   --- End of inner exception stack trace ---
   at System.RuntimeMethodHandle.InvokeMethod(Object target, Object[] arguments, Signature sig, Boolean constructor)
   at System.Reflection.RuntimeMethodInfo.UnsafeInvokeInternal(Object obj, Object[] parameters, Object[] arguments)
   at System.Reflection.RuntimeMethodInfo.Invoke(Object obj, BindingFlags invokeAttr, Binder binder, Object[] parameters, CultureInfo culture)
   at System.Reflection.MethodBase.Invoke(Object obj, Object[] parameters)
   at Server.ScriptCompiler.Invoke(String method) in Y:\rnuo2.3\Server\ScriptCompiler.cs:line 704
   at Server.Core.Main(String[] args) in Y:\rnuo2.3\Server\Main.cs:line 490

Clients:
- Count: 0
