Server Crash Report
===================

RunUO Version 2.2, Build 6168.39553
Operating System: Microsoft Windows NT 6.2.9200.0
.NET Framework: 4.0.30319.42000
Time: 22/11/2016 7:31:09 AM
Mobiles: 997
Items: 84701
Exception:
System.Net.WebException: The remote server returned an error: (400) Bad Request.
   at System.Net.HttpWebRequest.GetResponse()
   at Scripts.Mythik.Systems.ChatSystem.TranslateAzure(String text, String fromCulture, String toCulture) in Y:\rnuo2.3\Scripts\Mythik\Systems\ChatSystem.cs:line 134
   at Scripts.Mythik.Systems.ChatSystem.SendChatMessage(CommandEventArgs e) in Y:\rnuo2.3\Scripts\Mythik\Systems\ChatSystem.cs:line 60
   at Server.Commands.CommandSystem.Handle(Mobile from, String text, MessageType type) in Y:\rnuo2.3\Server\Commands.cs:line 321
   at Server.Mobile.DoSpeech(String text, Int32[] keywords, MessageType type, Int32 hue) in Y:\rnuo2.3\Server\Mobile.cs:line 4790
   at Server.Mobiles.PlayerMobile.DoSpeech(String text, Int32[] keywords, MessageType type, Int32 hue) in Y:\rnuo2.3\Scripts\Mobiles\PlayerMobile.cs:line 2597
   at Server.Network.PacketHandlers.UnicodeSpeech(NetState state, PacketReader pvSrc) in Y:\rnuo2.3\Server\Network\PacketHandlers.cs:line 1483
   at Server.Network.MessagePump.HandleReceive(NetState ns) in Y:\rnuo2.3\Server\Network\MessagePump.cs:line 268
   at Server.Network.MessagePump.Slice() in Y:\rnuo2.3\Server\Network\MessagePump.cs:line 129
   at Server.Core.Main(String[] args) in Y:\rnuo2.3\Server\Main.cs:line 518

Clients:
- Count: 2
+ 192.168.1.5: (account = admin) (mobile = 0x246 'Lotus')
+ 192.168.1.5: (account = admin2) (mobile = 0x285 'german')
